<?xml version="1.0" encoding="UTF-8"?>
<!-- Generated by org.testng.reporters.JUnitXMLReporter -->
<testsuite ignored="0" hostname="Dell-PC" failures="0" tests="2" name="Test" time="0.117" errors="0" timestamp="2023-08-28T13:03:59 NPT">
  <testcase classname="my.test.HomePageTest" name="@BeforeTest setup" time="0.02">
    <failure type="java.lang.NullPointerException" message="Cannot invoke &amp;quot;org.openqa.selenium.WebDriver.get(String)&amp;quot; because &amp;quot;this.driver&amp;quot; is null">
      <![CDATA[java.lang.NullPointerException: Cannot invoke "org.openqa.selenium.WebDriver.get(String)" because "this.driver" is null
at factory.DriveFactory.initDriver(DriveFactory.java:35)
at my.test.HomePageTest.setup(HomePageTest.java:29)
... Removed 24 stack frames]]>
    </failure>
  </testcase> <!-- @BeforeTest setup -->
  <testcase classname="my.test.HomePageTest" name="@AfterTest tearDown" time="-1.693207139545E9">
    <skipped/>
  </testcase> <!-- @AfterTest tearDown -->
  <testcase classname="my.test.HomePageTest" name="contactFooterTest" time="0.001">
    <skipped/>
  </testcase> <!-- contactFooterTest -->
  <testcase classname="my.test.HomePageTest" name="headerTest" time="0.0">
    <skipped/>
  </testcase> <!-- headerTest -->
</testsuite> <!-- Test -->
